#
# There is insufficient memory for the Java Runtime Environment to continue.
# Native memory allocation (mmap) failed to map 536870912 bytes for Failed to commit area from 0x0000000601200000 to 0x0000000621200000 of length 536870912.
# Possible reasons:
#   The system is out of physical RAM or swap space
#   The process is running with CompressedOops enabled, and the Java Heap may be blocking the growth of the native heap
# Possible solutions:
#   Reduce memory load on the system
#   Increase physical memory or swap space
#   Check if swap backing store is full
#   Decrease Java heap size (-Xmx/-Xms)
#   Decrease number of Java threads
#   Decrease Java thread stack sizes (-Xss)
#   Set larger code cache with -XX:ReservedCodeCacheSize=
# This output file may be truncated or incomplete.
#
#  Out of Memory Error (./src/hotspot/os/windows/os_windows.cpp:3387), pid=12076, tid=20564
#
# JRE version:  (11.0.14.1+1) (build )
# Java VM: OpenJDK 64-Bit Server VM (11.0.14.1+1, mixed mode, sharing, tiered, compressed oops, g1 gc, windows-amd64)
# No core dump will be written. Minidumps are not enabled by default on client versions of Windows
#

---------------  S U M M A R Y ------------

Command Line: -Dfile.encoding=UTF-8 -Dcom.android.sdklib.toolsdir=C:\Program Files\Unity\Hub\Editor\2022.3.8f1\Editor\Data\PlaybackEngines\AndroidPlayer\SDK\cmdline-tools\6.0\bin\\.. com.android.sdklib.tool.sdkmanager.SdkManagerCli --list

Host: AMD Ryzen 7 5800X 8-Core Processor             , 16 cores, 31G,  Windows 10 , 64 bit Build 19041 (10.0.19041.3155)
Time: Sun Sep  3 17:10:52 2023 Turkey Standard Time elapsed time: 0.007681 seconds (0d 0h 0m 0s)

---------------  T H R E A D  ---------------

Current thread (0x000001d2cb54d800):  JavaThread "Unknown thread" [_thread_in_vm, id=20564, stack(0x0000005663c00000,0x0000005663d00000)]

Stack: [0x0000005663c00000,0x0000005663d00000]
Native frames: (J=compiled Java code, j=interpreted, Vv=VM code, C=native code)
V  [jvm.dll+0x61e59a]
V  [jvm.dll+0x7aaca9]
V  [jvm.dll+0x7ac398]
V  [jvm.dll+0x7aca73]
V  [jvm.dll+0x24f9b8]
V  [jvm.dll+0x61b83a]
V  [jvm.dll+0x6100c5]
V  [jvm.dll+0x30772c]
V  [jvm.dll+0x3075b2]
V  [jvm.dll+0x30c2d6]
V  [jvm.dll+0x35272f]
V  [jvm.dll+0x352160]
V  [jvm.dll+0x2e4728]
V  [jvm.dll+0x2e5886]
V  [jvm.dll+0x784b07]
V  [jvm.dll+0x78628f]
V  [jvm.dll+0x35f479]
V  [jvm.dll+0x767aa0]
V  [jvm.dll+0x3ccf1f]
V  [jvm.dll+0x3cf2b1]
C  [jli.dll+0x5207]
C  [ucrtbase.dll+0x21bb2]
C  [KERNEL32.DLL+0x17614]
C  [ntdll.dll+0x526b1]


---------------  P R O C E S S  ---------------

Threads class SMR info:
_java_thread_list=0x000001d2c9490610, length=0, elements={
}

Java Threads: ( => current thread )

Other Threads:
  0x000001d2cb567000 GCTaskThread "GC Thread#0" [stack: 0x0000005663d00000,0x0000005663e00000] [id=14084]
  0x000001d2cb5e8000 ConcurrentGCThread "G1 Main Marker" [stack: 0x0000005663e00000,0x0000005663f00000] [id=13584]
  0x000001d2cb5eb000 ConcurrentGCThread "G1 Conc#0" [stack: 0x0000005663f00000,0x0000005664000000] [id=10656]

[error occurred during error reporting (printing all threads), id 0xc0000005, EXCEPTION_ACCESS_VIOLATION (0xc0000005) at pc=0x00007ffb63f53ef7]

VM state:not at safepoint (not fully initialized)

VM Mutex/Monitor currently owned by a thread:  ([mutex/lock_event])
[0x000001d2cb549de0] Heap_lock - owner thread: 0x000001d2cb54d800

Heap address: 0x0000000601200000, size: 8174 MB, Compressed Oops mode: Non-zero based: 0x0000000601200000
Narrow klass base: 0x0000000000000000, Narrow klass shift: 0

GC Heap History (0 events):
No events

Deoptimization events (0 events):
No events

Classes redefined (0 events):
No events

Internal exceptions (0 events):
No events

Events (1 events):
Event: 0.005 Loaded shared library C:\Program Files\Unity\Hub\Editor\2022.3.8f1\Editor\Data\PlaybackEngines\AndroidPlayer\OpenJDK\bin\zip.dll


Dynamic libraries:
0x00007ff7304f0000 - 0x00007ff7304fd000 	C:\Program Files\Unity\Hub\Editor\2022.3.8f1\Editor\Data\PlaybackEngines\AndroidPlayer\OpenJDK\bin\java.exe
0x00007ffbc54b0000 - 0x00007ffbc56a8000 	C:\WINDOWS\SYSTEM32\ntdll.dll
0x00007ffbc51c0000 - 0x00007ffbc527f000 	C:\WINDOWS\System32\KERNEL32.DLL
0x00007ffbc2e20000 - 0x00007ffbc3116000 	C:\WINDOWS\System32\KERNELBASE.dll
0x00007ffbc3120000 - 0x00007ffbc3220000 	C:\WINDOWS\System32\ucrtbase.dll
0x00007ffb8b180000 - 0x00007ffb8b197000 	C:\Program Files\Unity\Hub\Editor\2022.3.8f1\Editor\Data\PlaybackEngines\AndroidPlayer\OpenJDK\bin\jli.dll
0x00007ffbb7330000 - 0x00007ffbb7345000 	C:\Program Files\Unity\Hub\Editor\2022.3.8f1\Editor\Data\PlaybackEngines\AndroidPlayer\OpenJDK\bin\VCRUNTIME140.dll
0x00007ffbc4630000 - 0x00007ffbc47cd000 	C:\WINDOWS\System32\USER32.dll
0x00007ffbc2d60000 - 0x00007ffbc2d82000 	C:\WINDOWS\System32\win32u.dll
0x00007ffbb6360000 - 0x00007ffbb65fa000 	C:\WINDOWS\WinSxS\amd64_microsoft.windows.common-controls_6595b64144ccf1df_6.0.19041.1110_none_60b5254171f9507e\COMCTL32.dll
0x00007ffbc4880000 - 0x00007ffbc48ac000 	C:\WINDOWS\System32\GDI32.dll
0x00007ffbc4ae0000 - 0x00007ffbc4b7e000 	C:\WINDOWS\System32\msvcrt.dll
0x00007ffbc33f0000 - 0x00007ffbc3505000 	C:\WINDOWS\System32\gdi32full.dll
0x00007ffbc3220000 - 0x00007ffbc32bd000 	C:\WINDOWS\System32\msvcp_win.dll
0x00007ffbc3510000 - 0x00007ffbc3540000 	C:\WINDOWS\System32\IMM32.DLL
0x00007ffb81b10000 - 0x00007ffb81bab000 	C:\Program Files\Unity\Hub\Editor\2022.3.8f1\Editor\Data\PlaybackEngines\AndroidPlayer\OpenJDK\bin\msvcp140.dll
0x00007ffb63c60000 - 0x00007ffb647e1000 	C:\Program Files\Unity\Hub\Editor\2022.3.8f1\Editor\Data\PlaybackEngines\AndroidPlayer\OpenJDK\bin\server\jvm.dll
0x00007ffbc47d0000 - 0x00007ffbc487f000 	C:\WINDOWS\System32\ADVAPI32.dll
0x00007ffbc5050000 - 0x00007ffbc50ec000 	C:\WINDOWS\System32\sechost.dll
0x00007ffbc4920000 - 0x00007ffbc4a46000 	C:\WINDOWS\System32\RPCRT4.dll
0x00007ffbc4910000 - 0x00007ffbc4918000 	C:\WINDOWS\System32\PSAPI.DLL
0x00007ffba7f00000 - 0x00007ffba7f09000 	C:\WINDOWS\SYSTEM32\WSOCK32.dll
0x00007ffbc50f0000 - 0x00007ffbc515b000 	C:\WINDOWS\System32\WS2_32.dll
0x00007ffbbbbb0000 - 0x00007ffbbbbba000 	C:\WINDOWS\SYSTEM32\VERSION.dll
0x00007ffbb7170000 - 0x00007ffbb7197000 	C:\WINDOWS\SYSTEM32\WINMM.dll
0x00007ffbc0a50000 - 0x00007ffbc0a62000 	C:\WINDOWS\SYSTEM32\kernel.appcore.dll
0x00007ffbb7360000 - 0x00007ffbb7370000 	C:\Program Files\Unity\Hub\Editor\2022.3.8f1\Editor\Data\PlaybackEngines\AndroidPlayer\OpenJDK\bin\verify.dll
0x00007ffbb6830000 - 0x00007ffbb6a14000 	C:\WINDOWS\SYSTEM32\DBGHELP.DLL
0x00007ffbb3070000 - 0x00007ffbb30a4000 	C:\WINDOWS\SYSTEM32\dbgcore.DLL
0x00007ffbc2d90000 - 0x00007ffbc2e12000 	C:\WINDOWS\System32\bcryptPrimitives.dll
0x00007ffb8b150000 - 0x00007ffb8b178000 	C:\Program Files\Unity\Hub\Editor\2022.3.8f1\Editor\Data\PlaybackEngines\AndroidPlayer\OpenJDK\bin\java.dll
0x00007ffbb7320000 - 0x00007ffbb732a000 	C:\Program Files\Unity\Hub\Editor\2022.3.8f1\Editor\Data\PlaybackEngines\AndroidPlayer\OpenJDK\bin\jimage.dll
0x00007ffb89570000 - 0x00007ffb89588000 	C:\Program Files\Unity\Hub\Editor\2022.3.8f1\Editor\Data\PlaybackEngines\AndroidPlayer\OpenJDK\bin\zip.dll

dbghelp: loaded successfully - version: 4.0.5 - missing functions: none
symbol engine: initialized successfully - sym options: 0x614 - pdb path: .;C:\Program Files\Unity\Hub\Editor\2022.3.8f1\Editor\Data\PlaybackEngines\AndroidPlayer\OpenJDK\bin;C:\WINDOWS\SYSTEM32;C:\WINDOWS\WinSxS\amd64_microsoft.windows.common-controls_6595b64144ccf1df_6.0.19041.1110_none_60b5254171f9507e;C:\Program Files\Unity\Hub\Editor\2022.3.8f1\Editor\Data\PlaybackEngines\AndroidPlayer\OpenJDK\bin\server

VM Arguments:
jvm_args: -Dfile.encoding=UTF-8 -Dcom.android.sdklib.toolsdir=C:\Program Files\Unity\Hub\Editor\2022.3.8f1\Editor\Data\PlaybackEngines\AndroidPlayer\SDK\cmdline-tools\6.0\bin\\.. 
java_command: com.android.sdklib.tool.sdkmanager.SdkManagerCli --list
java_class_path (initial): C:\Program Files\Unity\Hub\Editor\2022.3.8f1\Editor\Data\PlaybackEngines\AndroidPlayer\SDK\cmdline-tools\6.0\bin\..\lib\sdkmanager-classpath.jar
Launcher Type: SUN_STANDARD

[Global flags]
     intx CICompilerCount                          = 12                                        {product} {ergonomic}
     uint ConcGCThreads                            = 3                                         {product} {ergonomic}
     uint G1ConcRefinementThreads                  = 13                                        {product} {ergonomic}
   size_t G1HeapRegionSize                         = 2097152                                   {product} {ergonomic}
    uintx GCDrainStackTargetSize                   = 64                                        {product} {ergonomic}
   size_t InitialHeapSize                          = 536870912                                 {product} {ergonomic}
   size_t MarkStackSize                            = 4194304                                   {product} {ergonomic}
   size_t MaxHeapSize                              = 8571060224                                {product} {ergonomic}
   size_t MinHeapDeltaBytes                        = 2097152                                   {product} {ergonomic}
    uintx NonNMethodCodeHeapSize                   = 7594288                                {pd product} {ergonomic}
    uintx NonProfiledCodeHeapSize                  = 122031976                              {pd product} {ergonomic}
    uintx ProfiledCodeHeapSize                     = 122031976                              {pd product} {ergonomic}
    uintx ReservedCodeCacheSize                    = 251658240                              {pd product} {ergonomic}
     bool SegmentedCodeCache                       = true                                      {product} {ergonomic}
     bool UseCompressedClassPointers               = true                                 {lp64_product} {ergonomic}
     bool UseCompressedOops                        = true                                 {lp64_product} {ergonomic}
     bool UseG1GC                                  = true                                      {product} {ergonomic}
     bool UseLargePagesIndividualAllocation        = false                                  {pd product} {ergonomic}

Logging:
Log output configuration:
 #0: stdout all=warning uptime,level,tags
 #1: stderr all=off uptime,level,tags

Environment Variables:
JAVA_HOME=C:\Program Files\Unity\Hub\Editor\2022.3.8f1\Editor\Data\PlaybackEngines\AndroidPlayer\OpenJDK
JAVA_TOOL_OPTIONS=-Dfile.encoding=UTF-8
CLASSPATH=C:\Program Files\Unity\Hub\Editor\2022.3.8f1\Editor\Data\PlaybackEngines\AndroidPlayer\SDK\cmdline-tools\6.0\bin\..\lib\sdkmanager-classpath.jar
PATH=C:\Program Files\Common Files\Oracle\Java\javapath;C:\Program Files (x86)\Common Files\Oracle\Java\javapath;C:\WINDOWS\system32;C:\WINDOWS;C:\WINDOWS\System32\Wbem;C:\WINDOWS\System32\WindowsPowerShell\v1.0\;C:\WINDOWS\System32\OpenSSH\;C:\Program Files (x86)\NVIDIA Corporation\PhysX\Common;C:\Program Files\NVIDIA Corporation\NVIDIA NvDLISR;C:\Program Files\dotnet\;C:\Users\orkun\AppData\Local\GitHubDesktop\app-3.1.2\resources\app\git\cmd;C:\Program Files\Git\cmd;C:\Program Files\OpenSSL-Win64\bin;C:\Program Files\Java\jre-1.8\bin;C:\Program Files\Java\jdk-20\lib;C:\Program Files\Java\jre-1.8\bin;C:\Program Files\OpenSSL-Win64\bin;C:\Users\orkun\AppData\Local\GitHubDesktop\bin;C:\Program Files\gradle-8.1.1\bin;
USERNAME=orkun
OS=Windows_NT
PROCESSOR_IDENTIFIER=AMD64 Family 25 Model 33 Stepping 0, AuthenticAMD



---------------  S Y S T E M  ---------------

OS: Windows 10 , 64 bit Build 19041 (10.0.19041.3155)
OS uptime: 2 days 21:21 hours

CPU:total 16 (initial active 16) (16 cores per cpu, 2 threads per core) family 25 model 33 stepping 0 microcode 0x0, cmov, cx8, fxsr, mmx, sse, sse2, sse3, ssse3, sse4.1, sse4.2, popcnt, avx, avx2, aes, clmul, erms, mmxext, 3dnowpref, lzcnt, sse4a, ht, tsc, tscinvbit, tscinv, bmi1, bmi2, adx, sha, fma

Memory: 4k page, system-wide physical 32694M (8137M free)
TotalPageFile size 130998M (AvailPageFile size 315M)
current process WorkingSet (physical memory assigned to process): 10M, peak: 10M
current process commit charge ("private bytes"): 71M, peak: 583M

vm_info: OpenJDK 64-Bit Server VM (11.0.14.1+1) for windows-amd64 JRE (11.0.14.1+1), built on Feb  9 2022 01:48:27 by "" with unknown MS VC++:1916

END.
